Log file open, 01/21/21 20:24:11
LogInit: Display: Running engine for game: ToonTanks
LogPlatformFile: Not using cached read wrapper
LogTaskGraph: Started task graph with 5 named threads and 23 total threads with 3 sets of task threads.
LogStats: Stats thread started at 10.641979
LogD3D11RHI: Loaded GFSDK_Aftermath_Lib.x64.dll
LogICUInternationalization: ICU TimeZone Detection - Raw Offset: -8:00, Platform Override: ''
LogPluginManager: Mounting plugin Paper2D
LogPluginManager: Mounting plugin AISupport
LogPluginManager: Mounting plugin LightPropagationVolume
LogPluginManager: Mounting plugin CameraShakePreviewer
LogPluginManager: Mounting plugin ActorLayerUtilities
LogPluginManager: Mounting plugin AnimationSharing
LogPluginManager: Mounting plugin CLionSourceCodeAccess
LogPluginManager: Mounting plugin CodeLiteSourceCodeAccess
LogPluginManager: Mounting plugin GitSourceControl
LogPluginManager: Mounting plugin KDevelopSourceCodeAccess
LogPluginManager: Mounting plugin NullSourceCodeAccess
LogPluginManager: Mounting plugin PerforceSourceControl
LogPluginManager: Mounting plugin PlasticSourceControl
LogPluginManager: Mounting plugin RiderSourceCodeAccess
LogPluginManager: Mounting plugin SubversionSourceControl
LogPluginManager: Mounting plugin UObjectPlugin
LogPluginManager: Mounting plugin VisualStudioCodeSourceCodeAccess
LogPluginManager: Mounting plugin VisualStudioSourceCodeAccess
LogPluginManager: Mounting plugin XCodeSourceCodeAccess
LogPluginManager: Mounting plugin AssetManagerEditor
LogPluginManager: Mounting plugin CryptoKeys
LogPluginManager: Mounting plugin CurveEditorTools
LogPluginManager: Mounting plugin DataValidation
LogPluginManager: Mounting plugin EditorScriptingUtilities
LogPluginManager: Mounting plugin FacialAnimation
LogPluginManager: Mounting plugin GameplayTagsEditor
LogPluginManager: Mounting plugin GeometryMode
LogPluginManager: Mounting plugin MacGraphicsSwitching
LogPluginManager: Mounting plugin MaterialAnalyzer
LogPluginManager: Mounting plugin MobileLauncherProfileWizard
LogPluginManager: Mounting plugin PluginBrowser
LogPluginManager: Mounting plugin SpeedTreeImporter
LogPluginManager: Mounting plugin DatasmithContent
LogPluginManager: Mounting plugin VariantManagerContent
LogPluginManager: Mounting plugin AlembicImporter
LogPluginManager: Mounting plugin AutomationUtils
LogPluginManager: Mounting plugin BackChannel
LogPluginManager: Mounting plugin ChaosCloth
LogPluginManager: Mounting plugin ChaosClothEditor
LogPluginManager: Mounting plugin ChaosEditor
LogPluginManager: Mounting plugin ChaosNiagara
LogPluginManager: Mounting plugin ChaosSolverPlugin
LogPluginManager: Mounting plugin CharacterAI
LogPluginManager: Mounting plugin GeometryCache
LogPluginManager: Mounting plugin GeometryCollectionPlugin
LogPluginManager: Mounting plugin GeometryProcessing
LogPluginManager: Mounting plugin PlanarCut
LogPluginManager: Mounting plugin PlatformCrypto
LogPluginManager: Mounting plugin ProxyLODPlugin
LogPluginManager: Mounting plugin SkeletalReduction
LogPluginManager: Mounting plugin Niagara
LogPluginManager: Mounting plugin MagicLeap
LogPluginManager: Mounting plugin MagicLeapLightEstimation
LogPluginManager: Mounting plugin MagicLeapMedia
LogPluginManager: Mounting plugin MagicLeapPassableWorld
LogPluginManager: Mounting plugin MLSDK
LogPluginManager: Mounting plugin AndroidMedia
LogPluginManager: Mounting plugin AvfMedia
LogPluginManager: Mounting plugin ImgMedia
LogPluginManager: Mounting plugin MediaCompositing
LogPluginManager: Mounting plugin MediaPlayerEditor
LogPluginManager: Mounting plugin WebMMedia
LogPluginManager: Mounting plugin WmfMedia
LogPluginManager: Mounting plugin MeshPainting
LogPluginManager: Mounting plugin TcpMessaging
LogPluginManager: Mounting plugin UdpMessaging
LogPluginManager: Mounting plugin ActorSequence
LogPluginManager: Mounting plugin LevelSequenceEditor
LogPluginManager: Mounting plugin MatineeToLevelSequence
LogPluginManager: Mounting plugin MovieRenderPipeline
LogPluginManager: Mounting plugin TemplateSequence
LogPluginManager: Mounting plugin NetcodeUnitTest
LogPluginManager: Mounting plugin NUTUnrealEngine4
LogPluginManager: Mounting plugin OnlineSubsystemGooglePlay
LogPluginManager: Mounting plugin OnlineSubsystemIOS
LogPluginManager: Mounting plugin OnlineSubsystem
LogPluginManager: Mounting plugin OnlineSubsystemNull
LogPluginManager: Mounting plugin OnlineSubsystemUtils
LogPluginManager: Mounting plugin LauncherChunkInstaller
LogPluginManager: Mounting plugin AndroidDeviceProfileSelector
LogPluginManager: Mounting plugin AndroidMoviePlayer
LogPluginManager: Mounting plugin AndroidPermission
LogPluginManager: Mounting plugin AppleImageUtils
LogPluginManager: Mounting plugin AppleMoviePlayer
LogPluginManager: Mounting plugin ArchVisCharacter
LogPluginManager: Mounting plugin AssetTags
LogPluginManager: Mounting plugin AudioCapture
LogPluginManager: Mounting plugin CableComponent
LogPluginManager: Mounting plugin CustomMeshComponent
LogPluginManager: Mounting plugin EditableMesh
LogPluginManager: Mounting plugin ExampleDeviceProfileSelector
LogPluginManager: Mounting plugin GoogleCloudMessaging
LogPluginManager: Mounting plugin GooglePAD
LogPluginManager: Mounting plugin IOSDeviceProfileSelector
LogPluginManager: Mounting plugin LinuxDeviceProfileSelector
LogPluginManager: Mounting plugin LocationServicesBPLibrary
LogPluginManager: Mounting plugin MobilePatchingUtils
LogPluginManager: Mounting plugin OculusVR
LogPluginManager: Mounting plugin PhysXVehicles
LogPluginManager: Mounting plugin PostSplashScreen
LogPluginManager: Mounting plugin ProceduralMeshComponent
LogPluginManager: Mounting plugin RuntimePhysXCooking
LogPluginManager: Mounting plugin SignificanceManager
LogPluginManager: Mounting plugin SoundFields
LogPluginManager: Mounting plugin SteamVR
LogPluginManager: Mounting plugin Synthesis
LogPluginManager: Mounting plugin WebMMoviePlayer
LogPluginManager: Mounting plugin WindowsMoviePlayer
LogPluginManager: Mounting plugin ScreenshotTools
LogInit: Using libcurl 7.55.1-DEV
LogInit:  - built for x86_64-pc-win32
LogInit:  - supports SSL with OpenSSL/1.1.1
LogInit:  - supports HTTP deflate (compression) using libz 1.2.8
LogInit:  - other features:
LogInit:      CURL_VERSION_SSL
LogInit:      CURL_VERSION_LIBZ
LogInit:      CURL_VERSION_IPV6
LogInit:      CURL_VERSION_ASYNCHDNS
LogInit:      CURL_VERSION_LARGEFILE
LogInit:      CURL_VERSION_IDN
LogInit:  CurlRequestOptions (configurable via config and command line):
LogInit:  - bVerifyPeer = true  - Libcurl will verify peer certificate
LogInit:  - bUseHttpProxy = false  - Libcurl will NOT use HTTP proxy
LogInit:  - bDontReuseConnections = false  - Libcurl will reuse connections
LogInit:  - MaxHostConnections = 16  - Libcurl will limit the number of connections to a host
LogInit:  - LocalHostAddr = Default
LogInit:  - BufferSize = 65536
LogOnline: OSS: Creating online subsystem instance for: NULL
LogInit: WinSock: version 1.1 (2.2), MaxSocks=32767, MaxUdp=65467
LogOnline: OSS: TryLoadSubsystemAndSetDefault: Loaded subsystem for module [NULL]
LogInit: Build: ++UE4+Release-4.25-CL-14469661
LogInit: Engine Version: 4.25.4-14469661+++UE4+Release-4.25
LogInit: Compatible Engine Version: 4.25.0-13144385+++UE4+Release-4.25
LogInit: Net CL: 13144385
LogInit: OS: Windows 10 (Release 2004) (), CPU:        Intel(R) Core(TM) i7-2600K CPU @ 3.40GHz, GPU: NVIDIA GeForce GTX 660
LogInit: Compiled (64-bit): Oct 11 2020 08:10:49
LogInit: Compiled with Visual C++: 19.24.28315.00
LogInit: Build Configuration: Development
LogInit: Branch Name: ++UE4+Release-4.25
LogInit: Command Line: 
LogInit: Base Directory: E:/Games/Epic Games/UE_4.25/Engine/Binaries/Win64/
LogInit: Allocator: TBB
LogInit: Installed Engine Build: 1
LogDevObjectVersion: Number of dev versions registered: 26
LogDevObjectVersion:   Dev-Blueprints (B0D832E4-1F89-4F0D-ACCF-7EB736FD4AA2): 10
LogDevObjectVersion:   Dev-Build (E1C64328-A22C-4D53-A36C-8E866417BD8C): 0
LogDevObjectVersion:   Dev-Core (375EC13C-06E4-48FB-B500-84F0262A717E): 4
LogDevObjectVersion:   Dev-Editor (E4B068ED-F494-42E9-A231-DA0B2E46BB41): 38
LogDevObjectVersion:   Dev-Framework (CFFC743F-43B0-4480-9391-14DF171D2073): 37
LogDevObjectVersion:   Dev-Mobile (B02B49B5-BB20-44E9-A304-32B752E40360): 2
LogDevObjectVersion:   Dev-Networking (A4E4105C-59A1-49B5-A7C5-40C4547EDFEE): 0
LogDevObjectVersion:   Dev-Online (39C831C9-5AE6-47DC-9A44-9C173E1C8E7C): 0
LogDevObjectVersion:   Dev-Physics (78F01B33-EBEA-4F98-B9B4-84EACCB95AA2): 4
LogDevObjectVersion:   Dev-Platform (6631380F-2D4D-43E0-8009-CF276956A95A): 0
LogDevObjectVersion:   Dev-Rendering (12F88B9F-8875-4AFC-A67C-D90C383ABD29): 43
LogDevObjectVersion:   Dev-Sequencer (7B5AE74C-D270-4C10-A958-57980B212A5A): 12
LogDevObjectVersion:   Dev-VR (D7296918-1DD6-4BDD-9DE2-64A83CC13884): 3
LogDevObjectVersion:   Dev-LoadTimes (C2A15278-BFE7-4AFE-6C17-90FF531DF755): 1
LogDevObjectVersion:   Private-Geometry (6EACA3D4-40EC-4CC1-B786-8BED09428FC5): 3
LogDevObjectVersion:   Dev-AnimPhys (29E575DD-E0A3-4627-9D10-D276232CDCEA): 17
LogDevObjectVersion:   Dev-Anim (AF43A65D-7FD3-4947-9873-3E8ED9C1BB05): 7
LogDevObjectVersion:   Dev-ReflectionCapture (6B266CEC-1EC7-4B8F-A30B-E4D90942FC07): 1
LogDevObjectVersion:   Dev-Automation (0DF73D61-A23F-47EA-B727-89E90C41499A): 1
LogDevObjectVersion:   FortniteMain (601D1886-AC64-4F84-AA16-D3DE0DEAC7D6): 31
LogDevObjectVersion:   Dev-Enterprise (9DFFBCD6-494F-0158-E221-12823C92A888): 10
LogDevObjectVersion:   Dev-Niagara (F2AED0AC-9AFE-416F-8664-AA7FFA26D6FC): 1
LogDevObjectVersion:   Dev-Destruction (174F1F0B-B4C6-45A5-B13F-2EE8D0FB917D): 10
LogDevObjectVersion:   Dev-Physics-Ext (35F94A83-E258-406C-A318-09F59610247C): 37
LogDevObjectVersion:   Dev-PhysicsMaterial-Chaos (B68FC16E-8B1B-42E2-B453-215C058844FE): 1
LogDevObjectVersion:   Dev-CineCamera (B2E18506-4273-CFC2-A54E-F4BB758BBA07): 1
LogInit: Presizing for max 25165824 objects, including 0 objects not considered by GC, pre-allocating 0 bytes for permanent pool.
LogConfig: Applying CVar settings from Section [/Script/Engine.StreamingSettings] File [E:/Coding/Unreal/Projects/ToonTanks/Saved/Config/Windows/Engine.ini]
LogConfig: Setting CVar [[s.MinBulkDataSizeForAsyncLoading:131072]]
LogConfig: Setting CVar [[s.AsyncLoadingThreadEnabled:0]]
LogConfig: Setting CVar [[s.EventDrivenLoaderEnabled:1]]
LogConfig: Setting CVar [[s.WarnIfTimeLimitExceeded:0]]
LogConfig: Setting CVar [[s.TimeLimitExceededMultiplier:1.5]]
LogConfig: Setting CVar [[s.TimeLimitExceededMinTime:0.005]]
LogConfig: Setting CVar [[s.UseBackgroundLevelStreaming:1]]
LogConfig: Setting CVar [[s.PriorityAsyncLoadingExtraTime:15.0]]
LogConfig: Setting CVar [[s.LevelStreamingActorsUpdateTimeLimit:5.0]]
LogConfig: Setting CVar [[s.PriorityLevelStreamingActorsUpdateExtraTime:5.0]]
LogConfig: Setting CVar [[s.LevelStreamingComponentsRegistrationGranularity:10]]
LogConfig: Setting CVar [[s.UnregisterComponentsTimeLimit:1.0]]
LogConfig: Setting CVar [[s.LevelStreamingComponentsUnregistrationGranularity:5]]
LogConfig: Setting CVar [[s.FlushStreamingOnExit:1]]
LogInit: Object subsystem initialized
LogConfig: Setting CVar [[con.DebugEarlyDefault:1]]
LogConfig: Setting CVar [[r.setres:1280x720]]
[2021.01.22-04.24.15:582][  0]LogConfig: Setting CVar [[r.VSync:0]]
[2021.01.22-04.24.15:582][  0]LogConfig: Setting CVar [[r.RHICmdBypass:0]]
[2021.01.22-04.24.15:583][  0]LogConfig: Applying CVar settings from Section [/Script/Engine.RendererSettings] File [E:/Coding/Unreal/Projects/ToonTanks/Saved/Config/Windows/Engine.ini]
[2021.01.22-04.24.15:583][  0]LogConfig: Setting CVar [[r.GPUCrashDebugging:0]]
[2021.01.22-04.24.15:583][  0]LogConfig: Setting CVar [[r.DefaultFeature.AutoExposure.ExtendDefaultLuminanceRange:1]]
[2021.01.22-04.24.15:584][  0]LogConfig: Setting CVar [[r.DefaultFeature.AutoExposure:0]]
[2021.01.22-04.24.15:584][  0]LogConfig: Applying CVar settings from Section [/Script/Engine.RendererOverrideSettings] File [E:/Coding/Unreal/Projects/ToonTanks/Saved/Config/Windows/Engine.ini]
[2021.01.22-04.24.15:584][  0]LogConfig: Applying CVar settings from Section [/Script/Engine.StreamingSettings] File [E:/Coding/Unreal/Projects/ToonTanks/Saved/Config/Windows/Engine.ini]
[2021.01.22-04.24.15:584][  0]LogConfig: Setting CVar [[s.MinBulkDataSizeForAsyncLoading:131072]]
[2021.01.22-04.24.15:584][  0]LogConfig: Setting CVar [[s.AsyncLoadingThreadEnabled:0]]
[2021.01.22-04.24.15:584][  0]LogConfig: Setting CVar [[s.EventDrivenLoaderEnabled:1]]
[2021.01.22-04.24.15:584][  0]LogConfig: Setting CVar [[s.WarnIfTimeLimitExceeded:0]]
[2021.01.22-04.24.15:584][  0]LogConfig: Setting CVar [[s.TimeLimitExceededMultiplier:1.5]]
[2021.01.22-04.24.15:584][  0]LogConfig: Setting CVar [[s.TimeLimitExceededMinTime:0.005]]
[2021.01.22-04.24.15:584][  0]LogConfig: Setting CVar [[s.UseBackgroundLevelStreaming:1]]
[2021.01.22-04.24.15:584][  0]LogConfig: Setting CVar [[s.PriorityAsyncLoadingExtraTime:15.0]]
[2021.01.22-04.24.15:584][  0]LogConfig: Setting CVar [[s.LevelStreamingActorsUpdateTimeLimit:5.0]]
[2021.01.22-04.24.15:585][  0]LogConfig: Setting CVar [[s.PriorityLevelStreamingActorsUpdateExtraTime:5.0]]
[2021.01.22-04.24.15:585][  0]LogConfig: Setting CVar [[s.LevelStreamingComponentsRegistrationGranularity:10]]
[2021.01.22-04.24.15:585][  0]LogConfig: Setting CVar [[s.UnregisterComponentsTimeLimit:1.0]]
[2021.01.22-04.24.15:585][  0]LogConfig: Setting CVar [[s.LevelStreamingComponentsUnregistrationGranularity:5]]
[2021.01.22-04.24.15:585][  0]LogConfig: Setting CVar [[s.FlushStreamingOnExit:1]]
[2021.01.22-04.24.15:585][  0]LogConfig: Applying CVar settings from Section [/Script/Engine.GarbageCollectionSettings] File [E:/Coding/Unreal/Projects/ToonTanks/Saved/Config/Windows/Engine.ini]
[2021.01.22-04.24.15:585][  0]LogConfig: Setting CVar [[gc.MaxObjectsNotConsideredByGC:1]]
[2021.01.22-04.24.15:585][  0]LogConfig: Setting CVar [[gc.SizeOfPermanentObjectPool:0]]
[2021.01.22-04.24.15:585][  0]LogConfig: Setting CVar [[gc.FlushStreamingOnGC:0]]
[2021.01.22-04.24.15:585][  0]LogConfig: Setting CVar [[gc.NumRetriesBeforeForcingGC:10]]
[2021.01.22-04.24.15:585][  0]LogConfig: Setting CVar [[gc.AllowParallelGC:1]]
[2021.01.22-04.24.15:586][  0]LogConfig: Setting CVar [[gc.TimeBetweenPurgingPendingKillObjects:61.1]]
[2021.01.22-04.24.15:586][  0]LogConfig: Setting CVar [[gc.MaxObjectsInEditor:25165824]]
[2021.01.22-04.24.15:586][  0]LogConfig: Setting CVar [[gc.IncrementalBeginDestroyEnabled:1]]
[2021.01.22-04.24.15:586][  0]LogConfig: Setting CVar [[gc.CreateGCClusters:1]]
[2021.01.22-04.24.15:586][  0]LogConfig: Setting CVar [[gc.MinGCClusterSize:5]]
[2021.01.22-04.24.15:586][  0]LogConfig: Setting CVar [[gc.ActorClusteringEnabled:0]]
[2021.01.22-04.24.15:586][  0]LogConfig: Setting CVar [[gc.BlueprintClusteringEnabled:0]]
[2021.01.22-04.24.15:586][  0]LogConfig: Setting CVar [[gc.UseDisregardForGCOnDedicatedServers:0]]
[2021.01.22-04.24.15:586][  0]LogConfig: Applying CVar settings from Section [/Script/Engine.NetworkSettings] File [E:/Coding/Unreal/Projects/ToonTanks/Saved/Config/Windows/Engine.ini]
[2021.01.22-04.24.15:586][  0]LogConfig: Applying CVar settings from Section [/Script/UnrealEd.CookerSettings] File [E:/Coding/Unreal/Projects/ToonTanks/Saved/Config/Windows/Engine.ini]
[2021.01.22-04.24.15:716][  0]LogConfig: Applying CVar settings from Section [ViewDistanceQuality@3] File [E:/Coding/Unreal/Projects/ToonTanks/Saved/Config/Windows/Scalability.ini]
[2021.01.22-04.24.15:716][  0]LogConfig: Setting CVar [[r.SkeletalMeshLODBias:0]]
[2021.01.22-04.24.15:716][  0]LogConfig: Setting CVar [[r.ViewDistanceScale:1.0]]
[2021.01.22-04.24.15:716][  0]LogConfig: Applying CVar settings from Section [AntiAliasingQuality@3] File [E:/Coding/Unreal/Projects/ToonTanks/Saved/Config/Windows/Scalability.ini]
[2021.01.22-04.24.15:716][  0]LogConfig: Setting CVar [[r.PostProcessAAQuality:4]]
[2021.01.22-04.24.15:716][  0]LogConfig: Applying CVar settings from Section [ShadowQuality@3] File [E:/Coding/Unreal/Projects/ToonTanks/Saved/Config/Windows/Scalability.ini]
[2021.01.22-04.24.15:716][  0]LogConfig: Setting CVar [[r.LightFunctionQuality:1]]
[2021.01.22-04.24.15:716][  0]LogConfig: Setting CVar [[r.ShadowQuality:5]]
[2021.01.22-04.24.15:716][  0]LogConfig: Setting CVar [[r.Shadow.CSM.MaxCascades:10]]
[2021.01.22-04.24.15:716][  0]LogConfig: Setting CVar [[r.Shadow.MaxResolution:2048]]
[2021.01.22-04.24.15:716][  0]LogConfig: Setting CVar [[r.Shadow.MaxCSMResolution:2048]]
[2021.01.22-04.24.15:716][  0]LogConfig: Setting CVar [[r.Shadow.RadiusThreshold:0.01]]
[2021.01.22-04.24.15:716][  0]LogConfig: Setting CVar [[r.Shadow.DistanceScale:1.0]]
[2021.01.22-04.24.15:716][  0]LogConfig: Setting CVar [[r.Shadow.CSM.TransitionScale:1.0]]
[2021.01.22-04.24.15:716][  0]LogConfig: Setting CVar [[r.Shadow.PreShadowResolutionFactor:1.0]]
[2021.01.22-04.24.15:716][  0]LogConfig: Setting CVar [[r.DistanceFieldShadowing:1]]
[2021.01.22-04.24.15:716][  0]LogConfig: Setting CVar [[r.DistanceFieldAO:1]]
[2021.01.22-04.24.15:717][  0]LogConfig: Setting CVar [[r.AOQuality:2]]
[2021.01.22-04.24.15:717][  0]LogConfig: Setting CVar [[r.VolumetricFog:1]]
[2021.01.22-04.24.15:717][  0]LogConfig: Setting CVar [[r.VolumetricFog.GridPixelSize:8]]
[2021.01.22-04.24.15:717][  0]LogConfig: Setting CVar [[r.VolumetricFog.GridSizeZ:128]]
[2021.01.22-04.24.15:717][  0]LogConfig: Setting CVar [[r.VolumetricFog.HistoryMissSupersampleCount:4]]
[2021.01.22-04.24.15:717][  0]LogConfig: Setting CVar [[r.LightMaxDrawDistanceScale:1]]
[2021.01.22-04.24.15:717][  0]LogConfig: Setting CVar [[r.CapsuleShadows:1]]
[2021.01.22-04.24.15:717][  0]LogConfig: Applying CVar settings from Section [PostProcessQuality@3] File [E:/Coding/Unreal/Projects/ToonTanks/Saved/Config/Windows/Scalability.ini]
[2021.01.22-04.24.15:717][  0]LogConfig: Setting CVar [[r.MotionBlurQuality:4]]
[2021.01.22-04.24.15:717][  0]LogConfig: Setting CVar [[r.AmbientOcclusionMipLevelFactor:0.4]]
[2021.01.22-04.24.15:717][  0]LogConfig: Setting CVar [[r.AmbientOcclusionMaxQuality:100]]
[2021.01.22-04.24.15:717][  0]LogConfig: Setting CVar [[r.AmbientOcclusionLevels:-1]]
[2021.01.22-04.24.15:717][  0]LogConfig: Setting CVar [[r.AmbientOcclusionRadiusScale:1.0]]
[2021.01.22-04.24.15:717][  0]LogConfig: Setting CVar [[r.DepthOfFieldQuality:2]]
[2021.01.22-04.24.15:717][  0]LogConfig: Setting CVar [[r.RenderTargetPoolMin:400]]
[2021.01.22-04.24.15:717][  0]LogConfig: Setting CVar [[r.LensFlareQuality:2]]
[2021.01.22-04.24.15:717][  0]LogConfig: Setting CVar [[r.SceneColorFringeQuality:1]]
[2021.01.22-04.24.15:717][  0]LogConfig: Setting CVar [[r.EyeAdaptationQuality:2]]
[2021.01.22-04.24.15:717][  0]LogConfig: Setting CVar [[r.BloomQuality:5]]
[2021.01.22-04.24.15:717][  0]LogConfig: Setting CVar [[r.FastBlurThreshold:100]]
[2021.01.22-04.24.15:717][  0]LogConfig: Setting CVar [[r.Upscale.Quality:3]]
[2021.01.22-04.24.15:717][  0]LogConfig: Setting CVar [[r.Tonemapper.GrainQuantization:1]]
[2021.01.22-04.24.15:717][  0]LogConfig: Setting CVar [[r.LightShaftQuality:1]]
[2021.01.22-04.24.15:717][  0]LogConfig: Setting CVar [[r.Filter.SizeScale:1]]
[2021.01.22-04.24.15:717][  0]LogConfig: Setting CVar [[r.Tonemapper.Quality:5]]
[2021.01.22-04.24.15:717][  0]LogConfig: Setting CVar [[r.DOF.Gather.AccumulatorQuality:1        ; higher gathering accumulator quality]]
[2021.01.22-04.24.15:718][  0]LogConfig: Setting CVar [[r.DOF.Gather.PostfilterMethod:1          ; Median3x3 postfilering method]]
[2021.01.22-04.24.15:718][  0]LogConfig: Setting CVar [[r.DOF.Gather.EnableBokehSettings:0       ; no bokeh simulation when gathering]]
[2021.01.22-04.24.15:718][  0]LogConfig: Setting CVar [[r.DOF.Gather.RingCount:4                 ; medium number of samples when gathering]]
[2021.01.22-04.24.15:718][  0]LogConfig: Setting CVar [[r.DOF.Scatter.ForegroundCompositing:1    ; additive foreground scattering]]
[2021.01.22-04.24.15:718][  0]LogConfig: Setting CVar [[r.DOF.Scatter.BackgroundCompositing:2    ; additive background scattering]]
[2021.01.22-04.24.15:718][  0]LogConfig: Setting CVar [[r.DOF.Scatter.EnableBokehSettings:1      ; bokeh simulation when scattering]]
[2021.01.22-04.24.15:718][  0]LogConfig: Setting CVar [[r.DOF.Scatter.MaxSpriteRatio:0.1         ; only a maximum of 10% of scattered bokeh]]
[2021.01.22-04.24.15:718][  0]LogConfig: Setting CVar [[r.DOF.Recombine.Quality:1                ; cheap slight out of focus]]
[2021.01.22-04.24.15:718][  0]LogConfig: Setting CVar [[r.DOF.Recombine.EnableBokehSettings:0    ; no bokeh simulation on slight out of focus]]
[2021.01.22-04.24.15:718][  0]LogConfig: Setting CVar [[r.DOF.TemporalAAQuality:1                ; more stable temporal accumulation]]
[2021.01.22-04.24.15:718][  0]LogConfig: Setting CVar [[r.DOF.Kernel.MaxForegroundRadius:0.025]]
[2021.01.22-04.24.15:718][  0]LogConfig: Setting CVar [[r.DOF.Kernel.MaxBackgroundRadius:0.025]]
[2021.01.22-04.24.15:718][  0]LogConfig: Applying CVar settings from Section [TextureQuality@3] File [E:/Coding/Unreal/Projects/ToonTanks/Saved/Config/Windows/Scalability.ini]
[2021.01.22-04.24.15:718][  0]LogConfig: Setting CVar [[r.Streaming.MipBias:0]]
[2021.01.22-04.24.15:718][  0]LogConfig: Setting CVar [[r.Streaming.AmortizeCPUToGPUCopy:0]]
[2021.01.22-04.24.15:718][  0]LogConfig: Setting CVar [[r.Streaming.MaxNumTexturesToStreamPerFrame:0]]
[2021.01.22-04.24.15:718][  0]LogConfig: Setting CVar [[r.Streaming.Boost:1]]
[2021.01.22-04.24.15:718][  0]LogConfig: Setting CVar [[r.MaxAnisotropy:8]]
[2021.01.22-04.24.15:718][  0]LogConfig: Setting CVar [[r.VT.MaxAnisotropy:8]]
[2021.01.22-04.24.15:718][  0]LogConfig: Setting CVar [[r.Streaming.LimitPoolSizeToVRAM:0]]
[2021.01.22-04.24.15:718][  0]LogConfig: Setting CVar [[r.Streaming.PoolSize:1000]]
[2021.01.22-04.24.15:718][  0]LogConfig: Setting CVar [[r.Streaming.MaxEffectiveScreenSize:0]]
[2021.01.22-04.24.15:718][  0]LogConfig: Applying CVar settings from Section [EffectsQuality@3] File [E:/Coding/Unreal/Projects/ToonTanks/Saved/Config/Windows/Scalability.ini]
[2021.01.22-04.24.15:718][  0]LogConfig: Setting CVar [[r.TranslucencyLightingVolumeDim:64]]
[2021.01.22-04.24.15:718][  0]LogConfig: Setting CVar [[r.RefractionQuality:2]]
[2021.01.22-04.24.15:718][  0]LogConfig: Setting CVar [[r.SSR.Quality:3]]
[2021.01.22-04.24.15:719][  0]LogConfig: Setting CVar [[r.SSR.HalfResSceneColor:0]]
[2021.01.22-04.24.15:719][  0]LogConfig: Setting CVar [[r.SceneColorFormat:4]]
[2021.01.22-04.24.15:719][  0]LogConfig: Setting CVar [[r.DetailMode:2]]
[2021.01.22-04.24.15:719][  0]LogConfig: Setting CVar [[r.TranslucencyVolumeBlur:1]]
[2021.01.22-04.24.15:719][  0]LogConfig: Setting CVar [[r.MaterialQualityLevel:1 ; High quality]]
[2021.01.22-04.24.15:719][  0]LogConfig: Setting CVar [[r.SSS.Scale:1]]
[2021.01.22-04.24.15:719][  0]LogConfig: Setting CVar [[r.SSS.SampleSet:2]]
[2021.01.22-04.24.15:719][  0]LogConfig: Setting CVar [[r.SSS.Quality:1]]
[2021.01.22-04.24.15:719][  0]LogConfig: Setting CVar [[r.SSS.HalfRes:0]]
[2021.01.22-04.24.15:719][  0]LogConfig: Setting CVar [[r.SSGI.Quality:3]]
[2021.01.22-04.24.15:719][  0]LogConfig: Setting CVar [[r.EmitterSpawnRateScale:1.0]]
[2021.01.22-04.24.15:719][  0]LogConfig: Setting CVar [[r.ParticleLightQuality:2]]
[2021.01.22-04.24.15:719][  0]LogConfig: Setting CVar [[r.SkyAtmosphere.AerialPerspectiveLUT.FastApplyOnOpaque:1 ; Always have FastSkyLUT 1 in this case to avoid wrong sky]]
[2021.01.22-04.24.15:719][  0]LogConfig: Setting CVar [[r.SkyAtmosphere.AerialPerspectiveLUT.SampleCountPerSlice:1]]
[2021.01.22-04.24.15:719][  0]LogConfig: Setting CVar [[r.SkyAtmosphere.AerialPerspectiveLUT.DepthResolution:16.0]]
[2021.01.22-04.24.15:719][  0]LogConfig: Setting CVar [[r.SkyAtmosphere.FastSkyLUT:1]]
[2021.01.22-04.24.15:719][  0]LogConfig: Setting CVar [[r.SkyAtmosphere.FastSkyLUT.SampleCountMin:4.0]]
[2021.01.22-04.24.15:719][  0]LogConfig: Setting CVar [[r.SkyAtmosphere.FastSkyLUT.SampleCountMax:32.0]]
[2021.01.22-04.24.15:719][  0]LogConfig: Setting CVar [[r.SkyAtmosphere.SampleCountMin:4.0]]
[2021.01.22-04.24.15:719][  0]LogConfig: Setting CVar [[r.SkyAtmosphere.SampleCountMax:32.0]]
[2021.01.22-04.24.15:719][  0]LogConfig: Setting CVar [[r.SkyAtmosphere.TransmittanceLUT.UseSmallFormat:0]]
[2021.01.22-04.24.15:719][  0]LogConfig: Setting CVar [[r.SkyAtmosphere.TransmittanceLUT.SampleCount:10.0]]
[2021.01.22-04.24.15:719][  0]LogConfig: Setting CVar [[r.SkyAtmosphere.MultiScatteringLUT.SampleCount:15.0]]
[2021.01.22-04.24.15:719][  0]LogConfig: Applying CVar settings from Section [FoliageQuality@3] File [E:/Coding/Unreal/Projects/ToonTanks/Saved/Config/Windows/Scalability.ini]
[2021.01.22-04.24.15:719][  0]LogConfig: Setting CVar [[foliage.DensityScale:1.0]]
[2021.01.22-04.24.15:719][  0]LogConfig: Setting CVar [[grass.DensityScale:1.0]]
[2021.01.22-04.24.15:720][  0]LogConfig: Applying CVar settings from Section [ShadingQuality@3] File [E:/Coding/Unreal/Projects/ToonTanks/Saved/Config/Windows/Scalability.ini]
[2021.01.22-04.24.15:720][  0]LogConfig: Setting CVar [[r.HairStrands.SkyLighting.SampleCount:16]]
[2021.01.22-04.24.15:720][  0]LogConfig: Setting CVar [[r.HairStrands.SkyLighting.JitterIntegration:0]]
[2021.01.22-04.24.15:720][  0]LogConfig: Setting CVar [[r.HairStrands.SkyAO.SampleCount:16]]
[2021.01.22-04.24.15:720][  0]LogConfig: Setting CVar [[r.HairStrands.DeepShadow.SuperSampling:0]]
[2021.01.22-04.24.15:720][  0]LogConfig: Setting CVar [[r.HairStrands.VisibilityPPLL:0]]
[2021.01.22-04.24.15:720][  0]LogConfig: Setting CVar [[r.HairStrands.RasterizationScale:0.5]]
[2021.01.22-04.24.15:720][  0]LogConfig: Setting CVar [[r.HairStrands.VelocityRasterizationScale:1]]
[2021.01.22-04.24.15:727][  0]LogInit: Selected Device Profile: [Windows]
[2021.01.22-04.24.15:727][  0]LogInit: Applying CVar settings loaded from the selected device profile: [Windows]
[2021.01.22-04.24.15:738][  0]LogHAL: Display: Platform has ~ 16 GB [17159020544 / 17179869184 / 16], which maps to Larger [LargestMinGB=32, LargerMinGB=12, DefaultMinGB=8, SmallerMinGB=6, SmallestMinGB=0)
[2021.01.22-04.24.15:739][  0]LogInit: Going up to parent DeviceProfile []
[2021.01.22-04.24.15:746][  0]LogConfig: Applying CVar settings from Section [ViewDistanceQuality@3] File [E:/Coding/Unreal/Projects/ToonTanks/Saved/Config/Windows/Scalability.ini]
[2021.01.22-04.24.15:746][  0]LogConfig: Setting CVar [[r.SkeletalMeshLODBias:0]]
[2021.01.22-04.24.15:746][  0]LogConfig: Setting CVar [[r.ViewDistanceScale:1.0]]
[2021.01.22-04.24.15:746][  0]LogConfig: Applying CVar settings from Section [AntiAliasingQuality@3] File [E:/Coding/Unreal/Projects/ToonTanks/Saved/Config/Windows/Scalability.ini]
[2021.01.22-04.24.15:746][  0]LogConfig: Setting CVar [[r.PostProcessAAQuality:4]]
[2021.01.22-04.24.15:746][  0]LogConfig: Applying CVar settings from Section [ShadowQuality@3] File [E:/Coding/Unreal/Projects/ToonTanks/Saved/Config/Windows/Scalability.ini]
[2021.01.22-04.24.15:746][  0]LogConfig: Setting CVar [[r.LightFunctionQuality:1]]
[2021.01.22-04.24.15:746][  0]LogConfig: Setting CVar [[r.ShadowQuality:5]]
[2021.01.22-04.24.15:746][  0]LogConfig: Setting CVar [[r.Shadow.CSM.MaxCascades:10]]
[2021.01.22-04.24.15:746][  0]LogConfig: Setting CVar [[r.Shadow.MaxResolution:2048]]
[2021.01.22-04.24.15:746][  0]LogConfig: Setting CVar [[r.Shadow.MaxCSMResolution:2048]]
[2021.01.22-04.24.15:747][  0]LogConfig: Setting CVar [[r.Shadow.RadiusThreshold:0.01]]
[2021.01.22-04.24.15:747][  0]LogConfig: Setting CVar [[r.Shadow.DistanceScale:1.0]]
[2021.01.22-04.24.15:747][  0]LogConfig: Setting CVar [[r.Shadow.CSM.TransitionScale:1.0]]
[2021.01.22-04.24.15:747][  0]LogConfig: Setting CVar [[r.Shadow.PreShadowResolutionFactor:1.0]]
[2021.01.22-04.24.15:747][  0]LogConfig: Setting CVar [[r.DistanceFieldShadowing:1]]
[2021.01.22-04.24.15:747][  0]LogConfig: Setting CVar [[r.DistanceFieldAO:1]]
[2021.01.22-04.24.15:747][  0]LogConfig: Setting CVar [[r.AOQuality:2]]
[2021.01.22-04.24.15:747][  0]LogConfig: Setting CVar [[r.VolumetricFog:1]]
[2021.01.22-04.24.15:747][  0]LogConfig: Setting CVar [[r.VolumetricFog.GridPixelSize:8]]
[2021.01.22-04.24.15:747][  0]LogConfig: Setting CVar [[r.VolumetricFog.GridSizeZ:128]]
[2021.01.22-04.24.15:747][  0]LogConfig: Setting CVar [[r.VolumetricFog.HistoryMissSupersampleCount:4]]
[2021.01.22-04.24.15:747][  0]LogConfig: Setting CVar [[r.LightMaxDrawDistanceScale:1]]
[2021.01.22-04.24.15:748][  0]LogConfig: Setting CVar [[r.CapsuleShadows:1]]
[2021.01.22-04.24.15:748][  0]LogConfig: Applying CVar settings from Section [PostProcessQuality@3] File [E:/Coding/Unreal/Projects/ToonTanks/Saved/Config/Windows/Scalability.ini]
[2021.01.22-04.24.15:748][  0]LogConfig: Setting CVar [[r.MotionBlurQuality:4]]
[2021.01.22-04.24.15:748][  0]LogConfig: Setting CVar [[r.AmbientOcclusionMipLevelFactor:0.4]]
[2021.01.22-04.24.15:748][  0]LogConfig: Setting CVar [[r.AmbientOcclusionMaxQuality:100]]
[2021.01.22-04.24.15:748][  0]LogConfig: Setting CVar [[r.AmbientOcclusionLevels:-1]]
[2021.01.22-04.24.15:748][  0]LogConfig: Setting CVar [[r.AmbientOcclusionRadiusScale:1.0]]
[2021.01.22-04.24.15:748][  0]LogConfig: Setting CVar [[r.DepthOfFieldQuality:2]]
[2021.01.22-04.24.15:748][  0]LogConfig: Setting CVar [[r.RenderTargetPoolMin:400]]
[2021.01.22-04.24.15:748][  0]LogConfig: Setting CVar [[r.LensFlareQuality:2]]
[2021.01.22-04.24.15:748][  0]LogConfig: Setting CVar [[r.SceneColorFringeQuality:1]]
[2021.01.22-04.24.15:748][  0]LogConfig: Setting CVar [[r.EyeAdaptationQuality:2]]
[2021.01.22-04.24.15:749][  0]LogConfig: Setting CVar [[r.BloomQuality:5]]
[2021.01.22-04.24.15:749][  0]LogConfig: Setting CVar [[r.FastBlurThreshold:100]]
[2021.01.22-04.24.15:749][  0]LogConfig: Setting CVar [[r.Upscale.Quality:3]]
[2021.01.22-04.24.15:749][  0]LogConfig: Setting CVar [[r.Tonemapper.GrainQuantization:1]]
[2021.01.22-04.24.15:749][  0]LogConfig: Setting CVar [[r.LightShaftQuality:1]]
[2021.01.22-04.24.15:749][  0]LogConfig: Setting CVar [[r.Filter.SizeScale:1]]
[2021.01.22-04.24.15:749][  0]LogConfig: Setting CVar [[r.Tonemapper.Quality:5]]
[2021.01.22-04.24.15:749][  0]LogConfig: Setting CVar [[r.DOF.Gather.AccumulatorQuality:1        ; higher gathering accumulator quality]]
[2021.01.22-04.24.15:749][  0]LogConfig: Setting CVar [[r.DOF.Gather.PostfilterMethod:1          ; Median3x3 postfilering method]]
[2021.01.22-04.24.15:749][  0]LogConfig: Setting CVar [[r.DOF.Gather.EnableBokehSettings:0       ; no bokeh simulation when gathering]]
[2021.01.22-04.24.15:749][  0]LogConfig: Setting CVar [[r.DOF.Gather.RingCount:4                 ; medium number of samples when gathering]]
[2021.01.22-04.24.15:749][  0]LogConfig: Setting CVar [[r.DOF.Scatter.ForegroundCompositing:1    ; additive foreground scattering]]
[2021.01.22-04.24.15:750][  0]LogConfig: Setting CVar [[r.DOF.Scatter.BackgroundCompositing:2    ; additive background scattering]]
[2021.01.22-04.24.15:750][  0]LogConfig: Setting CVar [[r.DOF.Scatter.EnableBokehSettings:1      ; bokeh simulation when scattering]]
[2021.01.22-04.24.15:750][  0]LogConfig: Setting CVar [[r.DOF.Scatter.MaxSpriteRatio:0.1         ; only a maximum of 10% of scattered bokeh]]
[2021.01.22-04.24.15:750][  0]LogConfig: Setting CVar [[r.DOF.Recombine.Quality:1                ; cheap slight out of focus]]
[2021.01.22-04.24.15:750][  0]LogConfig: Setting CVar [[r.DOF.Recombine.EnableBokehSettings:0    ; no bokeh simulation on slight out of focus]]
[2021.01.22-04.24.15:750][  0]LogConfig: Setting CVar [[r.DOF.TemporalAAQuality:1                ; more stable temporal accumulation]]
[2021.01.22-04.24.15:750][  0]LogConfig: Setting CVar [[r.DOF.Kernel.MaxForegroundRadius:0.025]]
[2021.01.22-04.24.15:750][  0]LogConfig: Setting CVar [[r.DOF.Kernel.MaxBackgroundRadius:0.025]]
[2021.01.22-04.24.15:750][  0]LogConfig: Applying CVar settings from Section [TextureQuality@3] File [E:/Coding/Unreal/Projects/ToonTanks/Saved/Config/Windows/Scalability.ini]
[2021.01.22-04.24.15:750][  0]LogConfig: Setting CVar [[r.Streaming.MipBias:0]]
[2021.01.22-04.24.15:750][  0]LogConfig: Setting CVar [[r.Streaming.AmortizeCPUToGPUCopy:0]]
[2021.01.22-04.24.15:751][  0]LogConfig: Setting CVar [[r.Streaming.MaxNumTexturesToStreamPerFrame:0]]
[2021.01.22-04.24.15:751][  0]LogConfig: Setting CVar [[r.Streaming.Boost:1]]
[2021.01.22-04.24.15:751][  0]LogConfig: Setting CVar [[r.MaxAnisotropy:8]]
[2021.01.22-04.24.15:751][  0]LogConfig: Setting CVar [[r.VT.MaxAnisotropy:8]]
[2021.01.22-04.24.15:751][  0]LogConfig: Setting CVar [[r.Streaming.LimitPoolSizeToVRAM:0]]
[2021.01.22-04.24.15:751][  0]LogConfig: Setting CVar [[r.Streaming.PoolSize:1000]]
[2021.01.22-04.24.15:751][  0]LogConfig: Setting CVar [[r.Streaming.MaxEffectiveScreenSize:0]]
[2021.01.22-04.24.15:751][  0]LogConfig: Applying CVar settings from Section [EffectsQuality@3] File [E:/Coding/Unreal/Projects/ToonTanks/Saved/Config/Windows/Scalability.ini]
[2021.01.22-04.24.15:751][  0]LogConfig: Setting CVar [[r.TranslucencyLightingVolumeDim:64]]
[2021.01.22-04.24.15:751][  0]LogConfig: Setting CVar [[r.RefractionQuality:2]]
[2021.01.22-04.24.15:751][  0]LogConfig: Setting CVar [[r.SSR.Quality:3]]
[2021.01.22-04.24.15:751][  0]LogConfig: Setting CVar [[r.SSR.HalfResSceneColor:0]]
[2021.01.22-04.24.15:752][  0]LogConfig: Setting CVar [[r.SceneColorFormat:4]]
[2021.01.22-04.24.15:752][  0]LogConfig: Setting CVar [[r.DetailMode:2]]
[2021.01.22-04.24.15:752][  0]LogConfig: Setting CVar [[r.TranslucencyVolumeBlur:1]]
[2021.01.22-04.24.15:752][  0]LogConfig: Setting CVar [[r.MaterialQualityLevel:1 ; High quality]]
[2021.01.22-04.24.15:752][  0]LogConfig: Setting CVar [[r.SSS.Scale:1]]
[2021.01.22-04.24.15:752][  0]LogConfig: Setting CVar [[r.SSS.SampleSet:2]]
[2021.01.22-04.24.15:752][  0]LogConfig: Setting CVar [[r.SSS.Quality:1]]
[2021.01.22-04.24.15:752][  0]LogConfig: Setting CVar [[r.SSS.HalfRes:0]]
[2021.01.22-04.24.15:752][  0]LogConfig: Setting CVar [[r.SSGI.Quality:3]]
[2021.01.22-04.24.15:752][  0]LogConfig: Setting CVar [[r.EmitterSpawnRateScale:1.0]]
[2021.01.22-04.24.15:752][  0]LogConfig: Setting CVar [[r.ParticleLightQuality:2]]
[2021.01.22-04.24.15:753][  0]LogConfig: Setting CVar [[r.SkyAtmosphere.AerialPerspectiveLUT.FastApplyOnOpaque:1 ; Always have FastSkyLUT 1 in this case to avoid wrong sky]]
[2021.01.22-04.24.15:753][  0]LogConfig: Setting CVar [[r.SkyAtmosphere.AerialPerspectiveLUT.SampleCountPerSlice:1]]
[2021.01.22-04.24.15:753][  0]LogConfig: Setting CVar [[r.SkyAtmosphere.AerialPerspectiveLUT.DepthResolution:16.0]]
[2021.01.22-04.24.15:753][  0]LogConfig: Setting CVar [[r.SkyAtmosphere.FastSkyLUT:1]]
[2021.01.22-04.24.15:753][  0]LogConfig: Setting CVar [[r.SkyAtmosphere.FastSkyLUT.SampleCountMin:4.0]]
[2021.01.22-04.24.15:753][  0]LogConfig: Setting CVar [[r.SkyAtmosphere.FastSkyLUT.SampleCountMax:32.0]]
[2021.01.22-04.24.15:753][  0]LogConfig: Setting CVar [[r.SkyAtmosphere.SampleCountMin:4.0]]
[2021.01.22-04.24.15:753][  0]LogConfig: Setting CVar [[r.SkyAtmosphere.SampleCountMax:32.0]]
[2021.01.22-04.24.15:753][  0]LogConfig: Setting CVar [[r.SkyAtmosphere.TransmittanceLUT.UseSmallFormat:0]]
[2021.01.22-04.24.15:753][  0]LogConfig: Setting CVar [[r.SkyAtmosphere.TransmittanceLUT.SampleCount:10.0]]
[2021.01.22-04.24.15:753][  0]LogConfig: Setting CVar [[r.SkyAtmosphere.MultiScatteringLUT.SampleCount:15.0]]
[2021.01.22-04.24.15:753][  0]LogConfig: Applying CVar settings from Section [FoliageQuality@3] File [E:/Coding/Unreal/Projects/ToonTanks/Saved/Config/Windows/Scalability.ini]
[2021.01.22-04.24.15:754][  0]LogConfig: Setting CVar [[foliage.DensityScale:1.0]]
[2021.01.22-04.24.15:754][  0]LogConfig: Setting CVar [[grass.DensityScale:1.0]]
[2021.01.22-04.24.15:754][  0]LogConfig: Applying CVar settings from Section [ShadingQuality@3] File [E:/Coding/Unreal/Projects/ToonTanks/Saved/Config/Windows/Scalability.ini]
[2021.01.22-04.24.15:754][  0]LogConfig: Setting CVar [[r.HairStrands.SkyLighting.SampleCount:16]]
[2021.01.22-04.24.15:754][  0]LogConfig: Setting CVar [[r.HairStrands.SkyLighting.JitterIntegration:0]]
[2021.01.22-04.24.15:754][  0]LogConfig: Setting CVar [[r.HairStrands.SkyAO.SampleCount:16]]
[2021.01.22-04.24.15:754][  0]LogConfig: Setting CVar [[r.HairStrands.DeepShadow.SuperSampling:0]]
[2021.01.22-04.24.15:754][  0]LogConfig: Setting CVar [[r.HairStrands.VisibilityPPLL:0]]
[2021.01.22-04.24.15:754][  0]LogConfig: Setting CVar [[r.HairStrands.RasterizationScale:0.5]]
[2021.01.22-04.24.15:754][  0]LogConfig: Setting CVar [[r.HairStrands.VelocityRasterizationScale:1]]
[2021.01.22-04.24.15:754][  0]LogConfig: Applying CVar settings from Section [Startup] File [../../../Engine/Config/ConsoleVariables.ini]
[2021.01.22-04.24.15:773][  0]LogConfig: Setting CVar [[net.UseAdaptiveNetUpdateFrequency:0]]
[2021.01.22-04.24.15:773][  0]LogConfig: Setting CVar [[p.chaos.AllowCreatePhysxBodies:1]]
[2021.01.22-04.24.15:773][  0]LogConfig: Setting CVar [[fx.SkipVectorVMBackendOptimizations:1]]
[2021.01.22-04.24.15:773][  0]LogConfig: Applying CVar settings from Section [ConsoleVariables] File [E:/Coding/Unreal/Projects/ToonTanks/Saved/Config/Windows/Engine.ini]
[2021.01.22-04.24.15:822][  0]LogInit: Computer: DESKTOP-BQ2RM0A
[2021.01.22-04.24.15:823][  0]LogInit: User: Marc
[2021.01.22-04.24.15:823][  0]LogInit: CPU Page size=4096, Cores=4
[2021.01.22-04.24.15:823][  0]LogInit: High frequency timer resolution =10.000000 MHz
[2021.01.22-04.24.15:823][  0]LogMemory: Memory total: Physical=16.0GB (16GB approx)
[2021.01.22-04.24.15:823][  0]LogMemory: Platform Memory Stats for Windows
[2021.01.22-04.24.15:823][  0]LogMemory: Process Physical Memory: 115.95 MB used, 115.95 MB peak
[2021.01.22-04.24.15:824][  0]LogMemory: Process Virtual Memory: 104.28 MB used, 104.28 MB peak
[2021.01.22-04.24.15:824][  0]LogMemory: Physical Memory: 5925.35 MB used,  10438.77 MB free, 16364.12 MB total
[2021.01.22-04.24.15:824][  0]LogMemory: Virtual Memory: 5118.76 MB used,  134212608.00 MB free, 134217728.00 MB total
[2021.01.22-04.24.15:852][  0]LogWindows: WindowsPlatformFeatures enabled
[2021.01.22-04.24.17:289][  0]LogInit: Physics initialised using underlying interface: PhysX
[2021.01.22-04.24.17:349][  0]LogInit: Using OS detected language (en-GB).
[2021.01.22-04.24.17:349][  0]LogInit: Using OS detected locale (en-CA).
[2021.01.22-04.24.17:656][  0]LogTextLocalizationManager: No specific localization for 'en-GB' exists, so the 'en' localization will be used.
[2021.01.22-04.24.18:551][  0]LogInit: Setting process to per monitor DPI aware
[2021.01.22-04.24.19:513][  0]LogSlate: New Slate User Created.  User Index 0, Is Virtual User: 0
[2021.01.22-04.24.19:513][  0]LogSlate: Slate User Registered.  User Index 0, Is Virtual User: 0
[2021.01.22-04.24.21:781][  0]LogHMD: Failed to initialize OpenVR with code 100
[2021.01.22-04.24.21:781][  0]LogD3D11RHI: D3D11 min allowed feature level: 11_0
[2021.01.22-04.24.21:781][  0]LogD3D11RHI: D3D11 max allowed feature level: 11_0
[2021.01.22-04.24.21:781][  0]LogD3D11RHI: D3D11 adapters:
[2021.01.22-04.24.21:947][  0]LogD3D11RHI:    0. 'NVIDIA GeForce GTX 660' (Feature Level 11_0)
[2021.01.22-04.24.21:947][  0]LogD3D11RHI:       1998/0/8182 MB DedicatedVideo/DedicatedSystem/SharedSystem, Outputs:2, VendorId:0x10de
[2021.01.22-04.24.21:953][  0]LogD3D11RHI:    1. 'Microsoft Basic Render Driver' (Feature Level 11_0)
[2021.01.22-04.24.21:953][  0]LogD3D11RHI:       0/0/8182 MB DedicatedVideo/DedicatedSystem/SharedSystem, Outputs:0, VendorId:0x1414
[2021.01.22-04.24.21:953][  0]LogD3D11RHI: Chosen D3D11 Adapter: 0
[2021.01.22-04.24.21:966][  0]LogD3D11RHI: Creating new Direct3DDevice
[2021.01.22-04.24.21:966][  0]LogD3D11RHI:     GPU DeviceId: 0x11c0 (for the marketing name, search the web for "GPU Device Id")
[2021.01.22-04.24.21:966][  0]LogWindows: EnumDisplayDevices:
[2021.01.22-04.24.21:966][  0]LogWindows:    0. 'NVIDIA GeForce GTX 660' (P:1 D:1)
[2021.01.22-04.24.21:967][  0]LogWindows:    1. 'NVIDIA GeForce GTX 660' (P:0 D:1)
[2021.01.22-04.24.21:968][  0]LogWindows:    2. 'NVIDIA GeForce GTX 660' (P:0 D:0)
[2021.01.22-04.24.21:968][  0]LogWindows:    3. 'NVIDIA GeForce GTX 660' (P:0 D:0)
[2021.01.22-04.24.21:969][  0]LogWindows: DebugString: FoundDriverCount:4 
[2021.01.22-04.24.21:969][  0]LogD3D11RHI:     Adapter Name: NVIDIA GeForce GTX 660
[2021.01.22-04.24.21:969][  0]LogD3D11RHI:   Driver Version: 457.30 (internal:27.21.14.5730, unified:457.30)
[2021.01.22-04.24.21:969][  0]LogD3D11RHI:      Driver Date: 11-6-2020
[2021.01.22-04.24.21:969][  0]LogRHI: Texture pool is 1398 MB (70% of 1998 MB)
[2021.01.22-04.24.22:067][  0]LogD3D11RHI: RHI does not have support for 64 bit atomics
[2021.01.22-04.24.22:117][  0]LogD3D11RHI: Async texture creation enabled
[2021.01.22-04.24.22:677][  0]LogD3D11RHI: GPU Timing Frequency: 1000.000000 (Debug: 2 1)
[2021.01.22-04.24.23:733][  0]LogTargetPlatformManager: Display: Loaded TargetPlatform 'AllDesktop'
[2021.01.22-04.24.23:809][  0]LogTargetPlatformManager: Display: Loaded TargetPlatform 'Android'
[2021.01.22-04.24.23:809][  0]LogTargetPlatformManager: Display: Loaded TargetPlatform 'Android_ASTC'
[2021.01.22-04.24.23:809][  0]LogTargetPlatformManager: Display: Loaded TargetPlatform 'Android_DXT'
[2021.01.22-04.24.23:809][  0]LogTargetPlatformManager: Display: Loaded TargetPlatform 'Android_ETC2'
[2021.01.22-04.24.23:809][  0]LogTargetPlatformManager: Display: Loaded TargetPlatform 'AndroidClient'
[2021.01.22-04.24.23:809][  0]LogTargetPlatformManager: Display: Loaded TargetPlatform 'Android_ASTCClient'
[2021.01.22-04.24.23:809][  0]LogTargetPlatformManager: Display: Loaded TargetPlatform 'Android_DXTClient'
[2021.01.22-04.24.23:809][  0]LogTargetPlatformManager: Display: Loaded TargetPlatform 'Android_ETC2Client'
[2021.01.22-04.24.23:809][  0]LogTargetPlatformManager: Display: Loaded TargetPlatform 'Android_Multi'
[2021.01.22-04.24.23:810][  0]LogTargetPlatformManager: Display: Loaded TargetPlatform 'Android_MultiClient'
[2021.01.22-04.24.24:112][  0]LogTargetPlatformManager: Display: Loaded TargetPlatform 'IOSClient'
[2021.01.22-04.24.24:112][  0]LogTargetPlatformManager: Display: Loaded TargetPlatform 'IOS'
[2021.01.22-04.24.24:178][  0]LogTargetPlatformManager: Display: Loaded TargetPlatform 'Linux'
[2021.01.22-04.24.24:334][  0]LogTargetPlatformManager: Display: Loaded TargetPlatform 'LinuxNoEditor'
[2021.01.22-04.24.24:373][  0]LogTargetPlatformManager: Display: Loaded TargetPlatform 'LinuxClient'
[2021.01.22-04.24.24:392][  0]LogTargetPlatformManager: Display: Loaded TargetPlatform 'LinuxServer'
[2021.01.22-04.24.24:417][  0]LogTargetPlatformManager: Display: Loaded TargetPlatform 'LinuxAArch64NoEditor'
[2021.01.22-04.24.24:441][  0]LogTargetPlatformManager: Display: Loaded TargetPlatform 'LinuxAArch64Client'
[2021.01.22-04.24.24:460][  0]LogTargetPlatformManager: Display: Loaded TargetPlatform 'LinuxAArch64Server'
[2021.01.22-04.24.24:533][  0]LogTargetPlatformManager: Display: Loaded TargetPlatform 'Lumin'
[2021.01.22-04.24.24:533][  0]LogTargetPlatformManager: Display: Loaded TargetPlatform 'LuminClient'
[2021.01.22-04.24.24:745][  0]LogTargetPlatformManager: Display: Loaded TargetPlatform 'TVOSClient'
[2021.01.22-04.24.24:745][  0]LogTargetPlatformManager: Display: Loaded TargetPlatform 'TVOS'
[2021.01.22-04.24.24:852][  0]LogTargetPlatformManager: Display: Loaded TargetPlatform 'WindowsNoEditor'
[2021.01.22-04.24.24:886][  0]LogTargetPlatformManager: Display: Loaded TargetPlatform 'Windows'
[2021.01.22-04.24.24:982][  0]LogTargetPlatformManager: Display: Loaded TargetPlatform 'WindowsClient'
[2021.01.22-04.24.24:999][  0]LogTargetPlatformManager: Display: Loaded TargetPlatform 'WindowsServer'
[2021.01.22-04.24.24:999][  0]LogTargetPlatformManager: Display: Building Assets For Windows
[2021.01.22-04.24.25:249][  0]LogAudioDebug: Display: Lib vorbis DLL was dynamically loaded.
[2021.01.22-04.24.26:168][  0]LogShaderCompilers: Guid format shader working directory is -5 characters bigger than the processId version (../../../../../../Coding/Unreal/Projects/ToonTanks/Intermediate/Shaders/WorkingDirectory/3480/).
[2021.01.22-04.24.26:169][  0]LogShaderCompilers: Cleaned the shader compiler working directory 'C:/Users/Marc/AppData/Local/Temp/UnrealShaderWorkingDir/9FF15A804F0ACC2B33FF2E904CD78926/'.
[2021.01.22-04.24.26:194][  0]LogXGEController: Cleaning working directory: C:/Users/Marc/AppData/Local/Temp/UnrealXGEWorkingDir/
[2021.01.22-04.24.26:195][  0]LogXGEController: Cannot use XGE Controller as Incredibuild is not installed on this machine.
[2021.01.22-04.24.26:196][  0]LogShaderCompilers: Cannot use XGE Shader Compiler as Incredibuild is not installed on this machine.
[2021.01.22-04.24.26:196][  0]LogShaderCompilers: Display: Using Local Shader Compiler.
[2021.01.22-04.24.28:926][  0]LogDerivedDataCache: Display: Max Cache Size: 512 MB
[2021.01.22-04.24.29:322][  0]LogDerivedDataCache: Loaded boot cache 0.40s 75MB C:/Users/Marc/AppData/Local/UnrealEngine/4.25/DerivedDataCache/Boot.ddc.
[2021.01.22-04.24.29:322][  0]LogDerivedDataCache: Display: Loaded Boot cache: C:/Users/Marc/AppData/Local/UnrealEngine/4.25/DerivedDataCache/Boot.ddc
[2021.01.22-04.24.29:322][  0]LogDerivedDataCache: FDerivedDataBackendGraph:  Pak pak cache file ../../../../../../Coding/Unreal/Projects/ToonTanks/DerivedDataCache/DDC.ddp not found, will not use a pak cache.
[2021.01.22-04.24.29:322][  0]LogDerivedDataCache: Unable to find inner node Pak for hierarchical cache Hierarchy.
[2021.01.22-04.24.29:322][  0]LogDerivedDataCache: FDerivedDataBackendGraph:  CompressedPak pak cache file ../../../../../../Coding/Unreal/Projects/ToonTanks/DerivedDataCache/Compressed.ddp not found, will not use a pak cache.
[2021.01.22-04.24.29:323][  0]LogDerivedDataCache: Unable to find inner node CompressedPak for hierarchical cache Hierarchy.
[2021.01.22-04.24.29:383][  0]LogDerivedDataCache: Display: Pak cache opened for reading ../../../Engine/DerivedDataCache/Compressed.ddp.
[2021.01.22-04.24.29:383][  0]LogDerivedDataCache: FDerivedDataBackendGraph:  EnterprisePak pak cache file ../../../Enterprise/DerivedDataCache/Compressed.ddp not found, will not use a pak cache.
[2021.01.22-04.24.29:383][  0]LogDerivedDataCache: Unable to find inner node EnterprisePak for hierarchical cache Hierarchy.
[2021.01.22-04.24.29:385][  0]LogDerivedDataCache: Using Local data cache path C:/Users/Marc/AppData/Local/UnrealEngine/Common/DerivedDataCache: Writable
[2021.01.22-04.24.29:385][  0]LogDerivedDataCache: Shared data cache path not found in *engine.ini, will not use an Shared cache.
[2021.01.22-04.24.29:385][  0]LogDerivedDataCache: Unable to find inner node Shared for hierarchical cache Hierarchy.
[2021.01.22-04.24.29:655][  0]LogSlate: Using FreeType 2.10.0
[2021.01.22-04.24.29:845][  0]LogSlate: SlateFontServices - WITH_FREETYPE: 1, WITH_HARFBUZZ: 1
[2021.01.22-04.24.32:813][  0]LogAssetRegistry: FAssetRegistry took 0.0103 seconds to start up
[2021.01.22-04.24.38:885][  0]LogInit: Selected Device Profile: [Windows]
[2021.01.22-04.24.43:169][  0]LogMeshReduction: Using QuadricMeshReduction for automatic static mesh reduction
[2021.01.22-04.24.43:169][  0]LogMeshReduction: Using SimplygonMeshReduction for automatic skeletal mesh reduction
[2021.01.22-04.24.43:169][  0]LogMeshReduction: Using ProxyLODMeshReduction for automatic mesh merging
[2021.01.22-04.24.43:169][  0]LogMeshReduction: No distributed automatic mesh merging module available
[2021.01.22-04.24.43:207][  0]LogMeshMerging: No distributed automatic mesh merging module available
[2021.01.22-04.24.44:495][  0]LogNetVersion: ToonTanks 1.0.0, NetCL: 13144385, EngineNetVer: 14, GameNetVer: 0 (Checksum: 281104731)
[2021.01.22-04.25.12:043][  0]LogAISub: UAISubsystem::UAISubsystem AISubsystem (000001EE0097A880), frame # 0
[2021.01.22-04.25.12:043][  0]LogAISub: UAISubsystem::UAISubsystem AIPerceptionSystem (000001EE01819440), frame # 0
[2021.01.22-04.25.12:081][  0]LogAISub: UAISubsystem::UAISubsystem EnvQueryManager (000001EE0085DC00), frame # 0
[2021.01.22-04.25.12:870][  0]LogPackageLocalizationCache: Processed 19 localized package path(s) for 1 prioritized culture(s) in 0.362143 seconds
[2021.01.22-04.25.12:923][  0]LogUObjectArray: 15913 objects as part of root set at end of initial load.
[2021.01.22-04.25.12:923][  0]LogUObjectAllocator: 3964304 out of 0 bytes used by permanent object pool.
[2021.01.22-04.25.12:923][  0]LogUObjectArray: CloseDisregardForGC: 0/0 objects in disregard for GC pool
[2021.01.22-04.25.20:310][  0]LogTcpMessaging: Initializing TcpMessaging bridge
[2021.01.22-04.25.20:415][  0]LogUdpMessaging: Initializing bridge on interface 0.0.0.0:0 to multicast group 230.0.0.1:6666.
[2021.01.22-04.25.21:523][  0]SourceControl: Source control is disabled
[2021.01.22-04.25.21:537][  0]SourceControl: Source control is disabled
[2021.01.22-04.25.21:643][  0]SourceControl: Source control is disabled
[2021.01.22-04.25.21:729][  0]SourceControl: Source control is disabled
[2021.01.22-04.25.21:756][  0]SourceControl: Source control is disabled
[2021.01.22-04.25.25:316][  0]LogAndroidPermission: UAndroidPermissionCallbackProxy::GetInstance
[2021.01.22-04.25.25:460][  0]LogAudioCaptureCore: Display: No Audio Capture implementations found. Audio input will be silent.
[2021.01.22-04.25.25:461][  0]LogAudioCaptureCore: Display: No Audio Capture implementations found. Audio input will be silent.
[2021.01.22-04.25.25:753][  0]LogOcInput: OculusInput pre-init called
[2021.01.22-04.25.25:837][  0]LogWindows: Failed to load 'OVRPlugin.dll' (GetLastError=126)
[2021.01.22-04.25.25:837][  0]LogWindows: File 'OVRPlugin.dll' does not exist
[2021.01.22-04.25.27:452][  0]LogEngine: Initializing Engine...
[2021.01.22-04.25.27:473][  0]LogHMD: Failed to initialize OpenVR with code 100
[2021.01.22-04.25.27:473][  0]LogMagicLeap: Warning: VR disabled because ZI is not enabled.  To enable, in the editor, Edit -> Project Settings -> Plugins -> Magic Leap Plugin -> Enable Zero Iteration
[2021.01.22-04.25.27:547][  0]LogStats: UGameplayTagsManager::InitializeManager -  0.030 s
[2021.01.22-04.25.28:386][  0]LogInit: Initializing FReadOnlyCVARCache
[2021.01.22-04.25.29:056][  0]LogAIModule: Creating AISystem for world Untitled
[2021.01.22-04.25.29:056][  0]LogAISub: UAISubsystem::UAISubsystem EnvQueryManager (000001EE0680BC00), frame # 0
[2021.01.22-04.25.29:057][  0]LogAISub: UAISubsystem::UAISubsystem AIPerceptionSystem (000001EE0684DBC0), frame # 0
[2021.01.22-04.25.29:222][  0]LogAudioMixer: Display: Audio Mixer Platform Settings:
[2021.01.22-04.25.29:222][  0]LogAudioMixer: Display: 	Sample Rate:						  48000
[2021.01.22-04.25.29:222][  0]LogAudioMixer: Display: 	Callback Buffer Frame Size Requested: 1024
[2021.01.22-04.25.29:222][  0]LogAudioMixer: Display: 	Callback Buffer Frame Size To Use:	  1024
[2021.01.22-04.25.29:222][  0]LogAudioMixer: Display: 	Number of buffers to queue:			  2
[2021.01.22-04.25.29:222][  0]LogAudioMixer: Display: 	Max Channels (voices):				  32
[2021.01.22-04.25.29:222][  0]LogAudioMixer: Display: 	Number of Async Source Workers:		  0
[2021.01.22-04.25.29:222][  0]LogAudio: Display: AudioDevice MaxSources: 32
[2021.01.22-04.25.29:232][  0]LogAudio: Display: Using built-in audio occlusion.
[2021.01.22-04.25.29:232][  0]LogAudioMixer: Display: Initializing audio mixer.
[2021.01.22-04.25.29:419][  0]LogAudioMixer: Display: 0: FrontLeft
[2021.01.22-04.25.29:419][  0]LogAudioMixer: Display: 1: FrontRight
[2021.01.22-04.25.29:559][  0]LogAudioMixer: Display: Using Audio Device Speakers (High Definition Audio Device)
[2021.01.22-04.25.29:587][  0]LogAudioMixer: Display: Initializing Sound Submixes...
[2021.01.22-04.25.29:713][  0]LogAudioMixer: Display: Creating Master Submix 'MasterSubmixDefault'
[2021.01.22-04.25.29:713][  0]LogAudioMixer: Display: Creating Master Submix 'MasterReverbSubmixDefault'
[2021.01.22-04.25.29:715][  0]LogAudioMixer: Display: Creating Master Submix 'MasterEQSubmixDefault'
[2021.01.22-04.25.29:716][  0]LogInit: FAudioDevice initialized.
[2021.01.22-04.25.29:718][  0]LogNetVersion: Set ProjectVersion to 1.0.0.0. Version Checksum will be recalculated on next use.
[2021.01.22-04.25.30:309][  0]LogDerivedDataCache: Saved boot cache 0.59s 75MB C:/Users/Marc/AppData/Local/UnrealEngine/4.25/DerivedDataCache/Boot.ddc.
[2021.01.22-04.25.30:309][  0]LogInit: Texture streaming: Enabled
[2021.01.22-04.25.30:556][  0]LogEngineSessionManager: EngineSessionManager initialized
[2021.01.22-04.25.30:556][  0]LogEditorSessionSummary: Verbose: Initializing EditorSessionSummaryWriter for editor session tracking
[2021.01.22-04.25.30:637][  0]LogEditorSessionSummary: EditorSessionSummaryWriter initialized
[2021.01.22-04.25.31:011][  0]LogInit: Transaction tracking system initialized
[2021.01.22-04.25.31:708][  0]BlueprintLog: New page: Editor Load
[2021.01.22-04.25.33:292][  0]LocalizationService: Localization service is disabled
[2021.01.22-04.25.37:455][  0]LogFileCache: Scanning file cache for directory 'E:/Coding/Unreal/Projects/ToonTanks/Content/' took 0.08s
[2021.01.22-04.25.37:455][  0]LogCook: Display: Max memory allowance for cook 16384mb min free memory 0mb
[2021.01.22-04.25.37:461][  0]LogCook: Display: Mobile HDR setting 1
[2021.01.22-04.25.43:595][  0]SourceControl: Source control is disabled
[2021.01.22-04.25.43:614][  0]LogUnrealEdMisc: Loading editor; pre map load, took 141.438
[2021.01.22-04.25.43:810][  0]Cmd: MAP LOAD FILE="../../../../../../Coding/Unreal/Projects/ToonTanks/Content/Maps/Main.umap" TEMPLATE=0 SHOWPROGRESS=1 FEATURELEVEL=3
[2021.01.22-04.25.43:861][  0]LightingResults: New page: Lighting Build
[2021.01.22-04.25.43:955][  0]LogWorld: UWorld::CleanupWorld for Untitled, bSessionEnded=true, bCleanupResources=true
[2021.01.22-04.25.43:972][  0]LogSlate: InvalidateAllWidgets triggered.  All widgets were invalidated
[2021.01.22-04.25.43:999][  0]MapCheck: New page: Map Check
[2021.01.22-04.25.43:999][  0]LightingResults: New page: Lighting Build
[2021.01.22-04.25.44:364][  0]LogAISub: UAISubsystem::~UAISubsystem EnvQueryManager (000001EE0680BC00), frame # 0
[2021.01.22-04.25.44:364][  0]LogAISub: UAISubsystem::~UAISubsystem AIPerceptionSystem (000001EE0684DBC0), frame # 0
[2021.01.22-04.25.44:367][  0]LogUObjectHash: Compacting FUObjectHashTables data took   1.97ms
[2021.01.22-04.25.47:745][  0]LogAIModule: Creating AISystem for world Main
[2021.01.22-04.25.47:746][  0]LogAISub: UAISubsystem::UAISubsystem EnvQueryManager (000001EE14790A00), frame # 0
[2021.01.22-04.25.47:746][  0]LogAISub: UAISubsystem::UAISubsystem AIPerceptionSystem (000001EE7CEF5E40), frame # 0
[2021.01.22-04.25.48:303][  0]LogEditorServer: Finished looking for orphan Actors (0.000 secs)
[2021.01.22-04.25.48:484][  0]LogUObjectHash: Compacting FUObjectHashTables data took   2.17ms
[2021.01.22-04.25.48:485][  0]Cmd: MAP CHECKDEP NOCLEARLOG
[2021.01.22-04.25.48:505][  0]MapCheck: Map check complete: 0 Error(s), 0 Warning(s), took 20.697ms to complete.
[2021.01.22-04.25.48:506][  0]LogFileHelpers: Loading map 'Main' took 4.696
[2021.01.22-04.25.49:792][  0]LogUnrealEdMisc: Total Editor Startup Time, took 147.617
[2021.01.22-04.25.50:645][  0]LogSlate: Updating window title bar state: overlay mode, drag disabled, window buttons hidden, title bar hidden
[2021.01.22-04.25.50:678][  0]LogSlate: Updating window title bar state: overlay mode, drag disabled, window buttons hidden, title bar hidden
[2021.01.22-04.25.50:694][  0]LogSlate: Updating window title bar state: overlay mode, drag disabled, window buttons hidden, title bar hidden
[2021.01.22-04.25.50:712][  0]LogSlate: Updating window title bar state: overlay mode, drag disabled, window buttons hidden, title bar hidden
[2021.01.22-04.25.50:921][  0]LogCollectionManager: Loaded 0 collections in 0.004785 seconds
[2021.01.22-04.25.51:234][  0]LogFileCache: Scanning file cache for directory 'E:/Coding/Unreal/Projects/ToonTanks/Saved/Collections/' took 0.00s
[2021.01.22-04.25.51:234][  0]LogFileCache: Scanning file cache for directory 'E:/Coding/Unreal/Projects/ToonTanks/Content/Developers/Marc/Collections/' took 0.00s
[2021.01.22-04.25.51:235][  0]LogFileCache: Scanning file cache for directory 'E:/Coding/Unreal/Projects/ToonTanks/Content/Collections/' took 0.00s
[2021.01.22-04.25.51:235][  0]LogContentBrowser: Native class hierarchy populated in 0.0871 seconds. Added 3428 classes and 824 folders.
[2021.01.22-04.25.51:428][  0]LogContentBrowser: Native class hierarchy updated for 'WidgetCarousel' in 0.0021 seconds. Added 0 classes and 0 folders.
[2021.01.22-04.25.52:613][  0]LogContentBrowser: Native class hierarchy updated for 'AddContentDialog' in 0.0022 seconds. Added 0 classes and 0 folders.
[2021.01.22-04.25.52:761][  0]LogContentBrowser: Native class hierarchy updated for 'SceneOutliner' in 0.0022 seconds. Added 2 classes and 0 folders.
[2021.01.22-04.25.53:608][  0]LogSlate: Took 0.061684 seconds to synchronously load lazily loaded font '../../../Engine/Content/Slate/Fonts/Roboto-Regular.ttf' (155K)
[2021.01.22-04.25.53:714][  0]LogSlate: Took 0.033505 seconds to synchronously load lazily loaded font '../../../Engine/Content/Slate/Fonts/Roboto-Bold.ttf' (160K)
[2021.01.22-04.25.53:927][  0]LogSlate: Took 0.023531 seconds to synchronously load lazily loaded font '../../../Engine/Content/Editor/Slate/Fonts/FontAwesome.ttf' (139K)
[2021.01.22-04.25.54:569][  0]LogRenderer: Reallocating scene render targets to support 1208x572 Format 10 NumSamples 1 (Frame:1).
[2021.01.22-04.25.55:174][  0]LogSlate: Took 0.067218 seconds to synchronously load lazily loaded font '../../../Engine/Content/Slate/Fonts/Roboto-Light.ttf' (167K)
[2021.01.22-04.25.55:329][  0]LogSlate: Took 0.031535 seconds to synchronously load lazily loaded font '../../../Engine/Content/Slate/Fonts/DroidSansMono.ttf' (77K)
[2021.01.22-04.25.55:615][  0]LogContentBrowser: Native class hierarchy updated for 'HierarchicalLODOutliner' in 0.0011 seconds. Added 0 classes and 0 folders.
[2021.01.22-04.25.55:615][  0]LogLoad: (Engine Initialization) Total time: 153.44 seconds
[2021.01.22-04.25.55:615][  0]LogLoad: (Engine Initialization) Total Blueprint compile time: 0.00 seconds
[2021.01.22-04.25.55:871][  0]LogAssetRegistry: Asset discovery search completed in 83.0599 seconds
[2021.01.22-04.25.55:924][  0]LogCollectionManager: Fixed up redirectors for 0 collections in 0.000003 seconds (updated 0 objects)
[2021.01.22-04.25.56:078][  0]LogContentStreaming: Texture pool size now 1000 MB
[2021.01.22-04.26.10:404][ 43]LogSlate: Took 0.000510 seconds to synchronously load lazily loaded font '../../../Engine/Content/Slate/Fonts/Roboto-Light.ttf' (167K)
[2021.01.22-04.26.10:434][ 43]LogAssetEditorSubsystem: Opening Asset editor for Class /Script/ToonTanks.PawnBase
[2021.01.22-04.34.04:652][264]Candidate modules for hot reload:
[2021.01.22-04.34.04:652][264]  ToonTanks
[2021.01.22-04.34.04:652][264]Launching UnrealBuildTool... [E:/Games/Epic Games/UE_4.25/Engine/Binaries/DotNET/UnrealBuildTool.exe  -ModuleWithSuffix=ToonTanks,942 ToonTanksEditor Win64 Development -Project="E:/Coding/Unreal/Projects/ToonTanks/ToonTanks.uproject" "E:/Coding/Unreal/Projects/ToonTanks/ToonTanks.uproject"  -IgnoreJunk]
[2021.01.22-04.34.04:663][264]Warning: Starting HotReload took  0.1s.
[2021.01.22-04.38.16:838][618]CompilerResultsLog: New page: Compilation - Jan. 21, 2021, 12:38:16 p.m.
[2021.01.22-04.38.16:838][618]CompilerResultsLog: Parsing headers for ToonTanksEditor
[2021.01.22-04.38.16:838][618]CompilerResultsLog:   Running UnrealHeaderTool "E:\Coding\Unreal\Projects\ToonTanks\ToonTanks.uproject" "E:\Coding\Unreal\Projects\ToonTanks\Intermediate\Build\Win64\ToonTanksEditor\Development\ToonTanksEditor.uhtmanifest" -LogCmds="loginit warning, logexit warning, logdatabase error" -Unattended -WarningsAsErrors -abslog="C:\Users\Marc\AppData\Local\UnrealBuildTool\Log_UHT.txt" -installed
[2021.01.22-04.38.16:838][618]CompilerResultsLog: Reflection code generated for ToonTanksEditor in 24.5530822 seconds
[2021.01.22-04.38.16:838][618]CompilerResultsLog: Building ToonTanksEditor...
[2021.01.22-04.38.16:838][618]CompilerResultsLog: Using Visual Studio 2019 14.28.29334 toolchain (E:\Program Files (x86)\Microsoft Visual Studio\VC\Tools\MSVC\14.28.29333) and Windows 10.0.18362.0 SDK (C:\Program Files (x86)\Windows Kits\10).
[2021.01.22-04.38.16:838][618]CompilerResultsLog: Building 5 actions with 8 processes...
[2021.01.22-04.38.16:838][618]CompilerResultsLog:   [1/5] PawnBase.cpp
[2021.01.22-04.38.16:838][618]CompilerResultsLog:   [2/5] PawnBase.gen.cpp
[2021.01.22-04.38.16:838][618]CompilerResultsLog:   [3/5] UE4Editor-ToonTanks-0942.lib
[2021.01.22-04.38.16:838][618]CompilerResultsLog:      Creating library E:\Coding\Unreal\Projects\ToonTanks\Intermediate\Build\Win64\UE4Editor\Development\ToonTanks\UE4Editor-ToonTanks-0942.lib and object E:\Coding\Unreal\Projects\ToonTanks\Intermediate\Build\Win64\UE4Editor\Development\ToonTanks\UE4Editor-ToonTanks-0942.exp
[2021.01.22-04.38.16:838][618]CompilerResultsLog:   [4/5] UE4Editor-ToonTanks-0942.dll
[2021.01.22-04.38.16:838][618]CompilerResultsLog:      Creating library E:\Coding\Unreal\Projects\ToonTanks\Intermediate\Build\Win64\UE4Editor\Development\ToonTanks\UE4Editor-ToonTanks-0942.suppressed.lib and object E:\Coding\Unreal\Projects\ToonTanks\Intermediate\Build\Win64\UE4Editor\Development\ToonTanks\UE4Editor-ToonTanks-0942.suppressed.exp
[2021.01.22-04.38.16:838][618]CompilerResultsLog:   [5/5] ToonTanksEditor.target
[2021.01.22-04.38.16:838][618]CompilerResultsLog: Total time in Parallel executor: 224.91 seconds
[2021.01.22-04.38.16:838][618]CompilerResultsLog: Total execution time: 251.81 seconds
[2021.01.22-04.38.16:838][618]LogMainFrame: MainFrame: Module compiling took 252.228 seconds
[2021.01.22-04.38.16:871][618]LogContentBrowser: Native class hierarchy populated in 0.0228 seconds. Added 3428 classes and 824 folders.
[2021.01.22-04.38.16:871][618]Display: HotReload took 252.3s.
[2021.01.22-04.38.25:189][884]LogTemp: Repeating last play command: Selected Viewport
[2021.01.22-04.38.25:242][884]LogPlayLevel: PlayLevel: No blueprints needed recompiling
[2021.01.22-04.38.25:262][884]PIE: New page: PIE session: Main (Jan. 21, 2021, 12:38:25 p.m.)
[2021.01.22-04.38.25:288][884]LogOnline: OSS: Creating online subsystem instance for: NULL
[2021.01.22-04.38.25:307][884]LogOnline: OSS: TryLoadSubsystemAndSetDefault: Loaded subsystem for module [NULL]
[2021.01.22-04.38.25:307][884]LogPlayLevel: Creating play world package: /Game/Maps/UEDPIE_0_Main
[2021.01.22-04.38.25:323][884]LogPlayLevel: PIE: StaticDuplicateObject took: (0.015814s)
[2021.01.22-04.38.25:325][884]LogAIModule: Creating AISystem for world Main
[2021.01.22-04.38.25:325][884]LogAISub: UAISubsystem::UAISubsystem EnvQueryManager (000001EE20503E00), frame # 3884
[2021.01.22-04.38.25:325][884]LogAISub: UAISubsystem::UAISubsystem AIPerceptionSystem (000001EE454EE480), frame # 3884
[2021.01.22-04.38.25:325][884]LogPlayLevel: PIE: World Init took: (0.001520s)
[2021.01.22-04.38.25:325][884]LogPlayLevel: PIE: Created PIE world by copying editor world from /Game/Maps/Main.Main to /Game/Maps/UEDPIE_0_Main.Main (0.018172s)
[2021.01.22-04.38.25:335][884]LogUObjectHash: Compacting FUObjectHashTables data took   0.85ms
[2021.01.22-04.38.25:337][884]LogAudioMixer: Display: Audio Mixer Platform Settings:
[2021.01.22-04.38.25:337][884]LogAudioMixer: Display: 	Sample Rate:						  48000
[2021.01.22-04.38.25:337][884]LogAudioMixer: Display: 	Callback Buffer Frame Size Requested: 1024
[2021.01.22-04.38.25:337][884]LogAudioMixer: Display: 	Callback Buffer Frame Size To Use:	  1024
[2021.01.22-04.38.25:337][884]LogAudioMixer: Display: 	Number of buffers to queue:			  2
[2021.01.22-04.38.25:337][884]LogAudioMixer: Display: 	Max Channels (voices):				  32
[2021.01.22-04.38.25:337][884]LogAudioMixer: Display: 	Number of Async Source Workers:		  0
[2021.01.22-04.38.25:337][884]LogAudio: Display: AudioDevice MaxSources: 32
[2021.01.22-04.38.25:337][884]LogAudio: Display: Using built-in audio occlusion.
[2021.01.22-04.38.25:337][884]LogAudioMixer: Display: Initializing audio mixer.
[2021.01.22-04.38.25:349][884]LogAudioMixer: Display: 0: FrontLeft
[2021.01.22-04.38.25:349][884]LogAudioMixer: Display: 1: FrontRight
[2021.01.22-04.38.25:382][884]LogAudioMixer: Display: Using Audio Device Speakers (High Definition Audio Device)
[2021.01.22-04.38.25:383][884]LogAudioMixer: Display: Initializing Sound Submixes...
[2021.01.22-04.38.25:383][884]LogAudioMixer: Display: Creating Master Submix 'MasterSubmixDefault'
[2021.01.22-04.38.25:383][884]LogAudioMixer: Display: Creating Master Submix 'MasterReverbSubmixDefault'
[2021.01.22-04.38.25:384][884]LogAudioMixer: Display: Creating Master Submix 'MasterEQSubmixDefault'
[2021.01.22-04.38.25:395][884]LogInit: FAudioDevice initialized.
[2021.01.22-04.38.25:405][884]LogLoad: Game class is 'GameModeBase'
[2021.01.22-04.38.25:613][884]LogWorld: Bringing World /Game/Maps/UEDPIE_0_Main.Main up for play (max tick rate 0) at 2021.01.21-20.38.25
[2021.01.22-04.38.25:614][884]LogWorld: Bringing up level for play took: 0.001514
[2021.01.22-04.38.25:614][884]LogOnline: OSS: Creating online subsystem instance for: :Context_1
[2021.01.22-04.38.25:810][884]LogContentBrowser: Native class hierarchy updated for 'MovieSceneCapture' in 0.0012 seconds. Added 20 classes and 0 folders.
[2021.01.22-04.38.25:900][884]PIE: Server logged in
[2021.01.22-04.38.25:902][884]PIE: Play in editor total start time 0.678 seconds.
[2021.01.22-04.38.31:123][441]LogSlate: Updating window title bar state: overlay mode, drag disabled, window buttons hidden, title bar hidden
[2021.01.22-04.38.31:123][441]LogWorld: BeginTearingDown for /Game/Maps/UEDPIE_0_Main
[2021.01.22-04.38.31:160][441]LogWorld: UWorld::CleanupWorld for Main, bSessionEnded=true, bCleanupResources=true
[2021.01.22-04.38.31:181][441]LogSlate: InvalidateAllWidgets triggered.  All widgets were invalidated
[2021.01.22-04.38.31:225][441]LogPlayLevel: Display: Shutting down PIE online subsystems
[2021.01.22-04.38.31:235][441]LogSlate: InvalidateAllWidgets triggered.  All widgets were invalidated
[2021.01.22-04.38.31:461][441]LogSlate: Updating window title bar state: overlay mode, drag disabled, window buttons hidden, title bar hidden
[2021.01.22-04.38.31:462][441]LogAISub: UAISubsystem::~UAISubsystem AIPerceptionSystem (000001EE454EE480), frame # 4441
[2021.01.22-04.38.31:462][441]LogAISub: UAISubsystem::~UAISubsystem EnvQueryManager (000001EE20503E00), frame # 4441
[2021.01.22-04.38.31:480][441]LogUObjectHash: Compacting FUObjectHashTables data took   0.89ms
[2021.01.22-04.38.31:515][442]LogPlayLevel: Display: Destroying online subsystem :Context_1
